g:\marketservicev3\projectmarketservicev3\x64\debug\vc142.pdb
g:\marketservicev3\projectmarketservicev3\x64\debug\vc142.idb
g:\marketservicev3\projectmarketservicev3\x64\debug\quoteservice.obj
g:\marketservicev3\projectmarketservicev3\x64\debug\orderbook.obj
g:\marketservicev3\projectmarketservicev3\x64\debug\main.obj
g:\marketservicev3\projectmarketservicev3\x64\debug\linear.obj
g:\marketservicev3\projectmarketservicev3\x64\debug\jsontools.obj
g:\marketservicev3\projectmarketservicev3\x64\debug\indicator.obj
g:\marketservicev3\projectmarketservicev3\x64\debug\ctptd.obj
g:\marketservicev3\projectmarketservicev3\x64\debug\ctpmd.obj
g:\marketservicev3\projectmarketservicev3\x64\debug\configtools.obj
g:\marketservicev3\projectmarketservicev3\x64\debug\projectmarketservicev3.ilk
g:\marketservicev3\projectmarketservicev3\x64\debug\projectmarketservicev3.exe
g:\marketservicev3\projectmarketservicev3\x64\debug\projectmarketservicev3.pdb
g:\marketservicev3\projectmarketservicev3\x64\debug\projectm.5f5defe9.tlog\cl.command.1.tlog
g:\marketservicev3\projectmarketservicev3\x64\debug\projectm.5f5defe9.tlog\cl.read.1.tlog
g:\marketservicev3\projectmarketservicev3\x64\debug\projectm.5f5defe9.tlog\cl.write.1.tlog
g:\marketservicev3\projectmarketservicev3\x64\debug\projectm.5f5defe9.tlog\link.command.1.tlog
g:\marketservicev3\projectmarketservicev3\x64\debug\projectm.5f5defe9.tlog\link.read.1.tlog
g:\marketservicev3\projectmarketservicev3\x64\debug\projectm.5f5defe9.tlog\link.write.1.tlog
