g:\marketservicev3\projectmarketservicev3\x64\release\vc142.pdb
g:\marketservicev3\projectmarketservicev3\x64\release\quoteservice.obj
g:\marketservicev3\projectmarketservicev3\x64\release\orderbook.obj
g:\marketservicev3\projectmarketservicev3\x64\release\main.obj
g:\marketservicev3\projectmarketservicev3\x64\release\linear.obj
g:\marketservicev3\projectmarketservicev3\x64\release\jsontools.obj
g:\marketservicev3\projectmarketservicev3\x64\release\indicator.obj
g:\marketservicev3\projectmarketservicev3\x64\release\ctptd.obj
g:\marketservicev3\projectmarketservicev3\x64\release\ctpmd.obj
g:\marketservicev3\projectmarketservicev3\x64\release\configtools.obj
g:\marketservicev3\projectmarketservicev3\x64\release\projectmarketservicev3.exe
g:\marketservicev3\projectmarketservicev3\x64\release\projectmarketservicev3.pdb
g:\marketservicev3\projectmarketservicev3\x64\release\projectmarketservicev3.ipdb
g:\marketservicev3\projectmarketservicev3\x64\release\projectmarketservicev3.iobj
g:\marketservicev3\projectmarketservicev3\x64\release\projectm.5f5defe9.tlog\cl.command.1.tlog
g:\marketservicev3\projectmarketservicev3\x64\release\projectm.5f5defe9.tlog\cl.read.1.tlog
g:\marketservicev3\projectmarketservicev3\x64\release\projectm.5f5defe9.tlog\cl.write.1.tlog
g:\marketservicev3\projectmarketservicev3\x64\release\projectm.5f5defe9.tlog\link.command.1.tlog
g:\marketservicev3\projectmarketservicev3\x64\release\projectm.5f5defe9.tlog\link.read.1.tlog
g:\marketservicev3\projectmarketservicev3\x64\release\projectm.5f5defe9.tlog\link.write.1.tlog
g:\marketservicev3\projectmarketservicev3\x64\release\projectm.5f5defe9.tlog\projectmarketservicev3.write.1u.tlog
